[demo.graygrids.com/themes/estore/index.html]
[backblue.gif]
[fade.gif]
[index.html]
[demo.graygrids.com/themes/estore/assets/images/favicon.png]
[demo.graygrids.com/themes/estore/assets/css/slick.css]
[demo.graygrids.com/themes/estore/assets/css/LineIcons.css]
[demo.graygrids.com/themes/estore/assets/css/materialdesignicons.min.css]
[demo.graygrids.com/themes/estore/assets/css/jquery-ui.min.css]
[demo.graygrids.com/themes/estore/assets/css/nice-select.css]
[demo.graygrids.com/themes/estore/assets/css/bootstrap.min.css]
[demo.graygrids.com/themes/estore/assets/css/default.css]
[demo.graygrids.com/themes/estore/assets/css/style.css]
[demo.graygrids.com/themes/estore/assets/images/logo.svg]
[demo.graygrids.com/themes/estore/category.html]
[demo.graygrids.com/themes/estore/assets/images/menu-slider-1.png]
[demo.graygrids.com/themes/estore/about-page.html]
[demo.graygrids.com/themes/estore/account-page.html]
[demo.graygrids.com/themes/estore/cart-page.html]
[demo.graygrids.com/themes/estore/checkout-page.html]
[demo.graygrids.com/themes/estore/contact-page.html]
[demo.graygrids.com/themes/estore/login-page.html]
[demo.graygrids.com/themes/estore/product-details-page.html]
[demo.graygrids.com/themes/estore/signup-page.html]
[demo.graygrids.com/themes/estore/assets/images/icon-svg/cart-1.svg]
[demo.graygrids.com/themes/estore/assets/images/product-cart/product-1.png]
[demo.graygrids.com/themes/estore/assets/images/product-cart/product-2.png]
[demo.graygrids.com/themes/estore/assets/images/product-cart/product-3.png]
[demo.graygrids.com/themes/estore/assets/images/product-cart/product-4.png]
[demo.graygrids.com/themes/estore/assets/images/header-1/header-big-1.jpg]
[demo.graygrids.com/themes/estore/assets/images/header-1/header-big-2.jpg]
[demo.graygrids.com/themes/estore/assets/images/header-1/header-min-1.jpg]
[demo.graygrids.com/themes/estore/assets/images/icon-svg/cart-5.svg]
[demo.graygrids.com/themes/estore/assets/images/header-1/header-min-2.jpg]
[demo.graygrids.com/themes/estore/assets/images/product-1/product-1.jpg]
[demo.graygrids.com/themes/estore/assets/images/product-1/product-2.jpg]
[demo.graygrids.com/themes/estore/assets/images/icon-svg/cart-7.svg]
[demo.graygrids.com/themes/estore/assets/images/product-1/product-5.jpg]
[demo.graygrids.com/themes/estore/assets/images/product-1/product-6.jpg]
[demo.graygrids.com/themes/estore/assets/images/product-1/product-3.jpg]
[demo.graygrids.com/themes/estore/assets/images/product-1/product-4.jpg]
[demo.graygrids.com/themes/estore/assets/images/product-1/product-7.jpg]
[demo.graygrids.com/themes/estore/assets/images/product-1/product-8.jpg]
[demo.graygrids.com/themes/estore/assets/images/product-1/product-9.jpg]
[demo.graygrids.com/themes/estore/assets/images/product-1/product-10.jpg]
[demo.graygrids.com/themes/estore/assets/images/product-1/product-11.jpg]
[demo.graygrids.com/themes/estore/assets/images/product-1/product-12.jpg]
[demo.graygrids.com/themes/estore/assets/images/product-4/product-1.jpg]
[demo.graygrids.com/themes/estore/assets/images/product-4/product-2.jpg]
[demo.graygrids.com/themes/estore/assets/images/icon-svg/cart-4.svg]
[demo.graygrids.com/themes/estore/assets/images/product-4/product-3.jpg]
[demo.graygrids.com/themes/estore/assets/images/product-4/product-4.jpg]
[demo.graygrids.com/themes/estore/assets/images/product-4/product-5.jpg]
[demo.graygrids.com/themes/estore/assets/images/product-4/product-6.jpg]
[demo.graygrids.com/themes/estore/assets/images/product-4/product-7.jpg]
[demo.graygrids.com/themes/estore/assets/images/product-4/product-8.jpg]
[demo.graygrids.com/themes/estore/assets/images/product-4/product-9.jpg]
[demo.graygrids.com/themes/estore/assets/images/product-4/product-10.jpg]
[demo.graygrids.com/themes/estore/assets/images/product-4/product-11.jpg]
[demo.graygrids.com/themes/estore/assets/images/product-4/product-12.jpg]
[demo.graygrids.com/themes/estore/assets/images/client-logo/uideck-logo.svg]
[demo.graygrids.com/themes/estore/assets/images/client-logo/graygrids-logo.svg]
[demo.graygrids.com/themes/estore/assets/images/client-logo/lineicons-logo.svg]
[demo.graygrids.com/themes/estore/assets/images/client-logo/pagebulb-logo.svg]
[demo.graygrids.com/themes/estore/index-2.html]
[demo.graygrids.com/themes/estore/assets/js/popper.min.js]
[demo.graygrids.com/themes/estore/assets/js/bootstrap.min.js]
[demo.graygrids.com/themes/estore/assets/js/vendor/jquery-3.5.1.min.js]
[demo.graygrids.com/themes/estore/assets/js/vendor/modernizr-3.7.1.min.js]
[demo.graygrids.com/themes/estore/assets/js/slick.min.js]
[demo.graygrids.com/themes/estore/assets/js/jquery-vj-accordion-steps.js]
[demo.graygrids.com/themes/estore/assets/js/jquery-ui.min.js]
[demo.graygrids.com/themes/estore/assets/js/jquery.form-validator.min.js]
[demo.graygrids.com/themes/estore/assets/js/jquery.nice-select.min.js]
[demo.graygrids.com/themes/estore/assets/js/jquery.formatter.min.js]
[demo.graygrids.com/themes/estore/assets/js/count-up.min.js]
[demo.graygrids.com/themes/estore/index.html]
[demo.graygrids.com/themes/estore/assets/css/slick.css]
[demo.graygrids.com/themes/estore/assets/js/main.js]
[demo.graygrids.com/themes/estore/assets/fonts/LineIcons.eot]
[demo.graygrids.com/themes/estore/assets/fonts/LineIcons.woff2]
[demo.graygrids.com/themes/estore/assets/fonts/LineIcons.woff]
[demo.graygrids.com/themes/estore/assets/fonts/LineIcons.ttf]
[demo.graygrids.com/themes/estore/assets/css/LineIcons.css]
[demo.graygrids.com/themes/estore/assets/fonts/LineIcons.svg]
[demo.graygrids.com/themes/estore/assets/fonts/materialdesignicons-webfontce09.eot]
[demo.graygrids.com/themes/estore/assets/fonts/materialdesignicons-webfontd41d.eot]
[demo.graygrids.com/themes/estore/assets/fonts/materialdesignicons-webfontce09.woff2]
[demo.graygrids.com/themes/estore/assets/fonts/materialdesignicons-webfontce09.woff]
[demo.graygrids.com/themes/estore/assets/css/materialdesignicons.min.css]
[demo.graygrids.com/themes/estore/assets/css/images/ui-icons_444444_256x240.png]
[demo.graygrids.com/themes/estore/assets/css/images/ui-icons_555555_256x240.png]
[demo.graygrids.com/themes/estore/assets/css/images/ui-icons_ffffff_256x240.png]
[demo.graygrids.com/themes/estore/assets/fonts/materialdesignicons-webfontce09.ttf]
[demo.graygrids.com/themes/estore/assets/css/images/ui-icons_777620_256x240.png]
[demo.graygrids.com/themes/estore/assets/css/images/ui-icons_cc0000_256x240.png]
[demo.graygrids.com/themes/estore/assets/css/images/ui-icons_777777_256x240.png]
[demo.graygrids.com/themes/estore/assets/css/jquery-ui.min.css]
[demo.graygrids.com/themes/estore/assets/css/nice-select.css]
[demo.graygrids.com/themes/estore/assets/css/bootstrap.min.css]
[demo.graygrids.com/themes/estore/assets/css/default.css]
[demo.graygrids.com/themes/estore/assets/css/style.css]
[demo.graygrids.com/themes/estore/assets/images/logo.svg]
[demo.graygrids.com/themes/estore/category.html]
[demo.graygrids.com/themes/estore/assets/images/content-card-1/content-2.jpg]
[demo.graygrids.com/themes/estore/assets/images/team/team-1.jpg]
[demo.graygrids.com/themes/estore/assets/images/team/team-2.jpg]
[demo.graygrids.com/themes/estore/assets/images/team/team-3.jpg]
[demo.graygrids.com/themes/estore/about-page.html]
[demo.graygrids.com/themes/estore/assets/images/profile-cover.png]
[demo.graygrids.com/themes/estore/assets/images/profile-photo.png]
[demo.graygrids.com/themes/estore/assets/images/visa.png]
[demo.graygrids.com/themes/estore/assets/images/american-express.png]
[demo.graygrids.com/themes/estore/assets/images/mastercard.png]
[demo.graygrids.com/themes/estore/account-page.html]
[demo.graygrids.com/themes/estore/cart-page.html]
[demo.graygrids.com/themes/estore/assets/images/shiping/shipping-1.png]
[demo.graygrids.com/themes/estore/assets/images/shiping/shipping-2.png]
[demo.graygrids.com/themes/estore/assets/images/shiping/shipping-3.png]
[demo.graygrids.com/themes/estore/assets/images/shiping/shipping-4.png]
[demo.graygrids.com/themes/estore/assets/images/card.png]
[demo.graygrids.com/themes/estore/checkout-page.html]
[demo.graygrids.com/themes/estore/contact-page.html]
[demo.graygrids.com/themes/estore/login-page.html]
[demo.graygrids.com/themes/estore/assets/images/google-logo.svg]
[demo.graygrids.com/themes/estore/assets/images/product-details-1/product-1.jpg]
[demo.graygrids.com/themes/estore/assets/images/product-details-1/product-2.jpg]
[demo.graygrids.com/themes/estore/assets/images/product-details-1/product-3.jpg]
[demo.graygrids.com/themes/estore/assets/images/product-details-1/product-4.jpg]
[demo.graygrids.com/themes/estore/assets/images/product-details-1/product-5.jpg]
[demo.graygrids.com/themes/estore/assets/images/product-details-1/thunb-1.jpg]
[demo.graygrids.com/themes/estore/assets/images/product-details-1/thunb-2.jpg]
[demo.graygrids.com/themes/estore/assets/images/product-details-1/thunb-3.jpg]
[demo.graygrids.com/themes/estore/assets/images/product-details-1/thunb-4.jpg]
[demo.graygrids.com/themes/estore/assets/images/product-details-1/thunb-5.jpg]
[demo.graygrids.com/themes/estore/assets/images/product-details-1/product-items-1.jpg]
[demo.graygrids.com/themes/estore/assets/images/product-details-1/product-items-2.jpg]
[demo.graygrids.com/themes/estore/assets/images/product-details-1/product-items-3.jpg]
[demo.graygrids.com/themes/estore/assets/images/icon-svg/cart-8.svg]
[demo.graygrids.com/themes/estore/assets/images/review/author-1.jpg]
[demo.graygrids.com/themes/estore/assets/images/review/author-2.jpg]
[demo.graygrids.com/themes/estore/assets/images/review/attachment-1.jpg]
[demo.graygrids.com/themes/estore/assets/images/review/attachment-2.jpg]
[demo.graygrids.com/themes/estore/assets/images/review/author-3.jpg]
[demo.graygrids.com/themes/estore/assets/images/review/author-4.jpg]
[demo.graygrids.com/themes/estore/product-details-page.html]
[demo.graygrids.com/themes/estore/signup-page.html]
[demo.graygrids.com/themes/estore/assets/images/icon-svg/cart-1.svg]
[demo.graygrids.com/themes/estore/assets/images/icon-svg/cart-5.svg]
[demo.graygrids.com/themes/estore/assets/images/icon-svg/cart-7.svg]
[demo.graygrids.com/themes/estore/assets/images/icon-svg/cart-4.svg]
[demo.graygrids.com/themes/estore/assets/images/client-logo/uideck-logo.svg]
[demo.graygrids.com/themes/estore/assets/images/client-logo/graygrids-logo.svg]
[demo.graygrids.com/themes/estore/assets/images/client-logo/lineicons-logo.svg]
[demo.graygrids.com/themes/estore/assets/images/client-logo/pagebulb-logo.svg]
[demo.graygrids.com/themes/estore/index-2.html]
[demo.graygrids.com/themes/estore/assets/js/popper.min.js]
[demo.graygrids.com/themes/estore/popper.js]
[demo.graygrids.com/themes/estore/assets/js/bootstrap.min.js]
[demo.graygrids.com/themes/estore/assets/js/vendor/jquery-3.5.1.min.js]
[demo.graygrids.com/themes/estore/assets/js/vendor/modernizr-3.7.1.min.js]
[demo.graygrids.com/themes/estore/assets/js/slick.min.js]
[demo.graygrids.com/themes/estore/assets/js/jquery-vj-accordion-steps.js]
[demo.graygrids.com/themes/estore/assets/js/jquery-ui.min.js]
[demo.graygrids.com/themes/estore/assets/js/jquery.form-validator.min.js]
[demo.graygrids.com/themes/estore/assets/js/jquery.nice-select.min.js]
[demo.graygrids.com/themes/estore/assets/js/jquery.formatter.min.js]
[demo.graygrids.com/themes/estore/assets/js/count-up.min.js]
[demo.graygrids.com/themes/estore/assets/js/main.js]
[demo.graygrids.com/themes/estore/assets/fonts/LineIcons.svg]
[demo.graygrids.com/themes/estore/assets/css/images/ui-icons_444444_256x240.html]
[demo.graygrids.com/themes/estore/assets/css/images/ui-icons_555555_256x240.html]
[demo.graygrids.com/themes/estore/assets/css/images/ui-icons_ffffff_256x240.html]
[demo.graygrids.com/themes/estore/assets/css/images/ui-icons_777620_256x240.html]
[demo.graygrids.com/themes/estore/assets/css/images/ui-icons_cc0000_256x240.html]
[demo.graygrids.com/themes/estore/assets/css/images/ui-icons_777777_256x240.html]
[demo.graygrids.com/themes/estore/assets/images/google-logo.svg]
[demo.graygrids.com/themes/estore/assets/images/icon-svg/cart-8.svg]
[demo.graygrids.com/themes/estore/popper.html]
